  tema 8.cpp
D:\Andra\facultate\an 3 sem 2\Grafica\GL\PROIECT 2D\PROIECT 2D\tema 8.cpp(29,28): warning C4305: 'initializing': truncation from 'double' to 'float'
D:\Andra\facultate\an 3 sem 2\Grafica\GL\PROIECT 2D\PROIECT 2D\tema 8.cpp(31,29): warning C4305: 'initializing': truncation from 'double' to 'float'
D:\Andra\facultate\an 3 sem 2\Grafica\GL\PROIECT 2D\PROIECT 2D\tema 8.cpp(32,24): warning C4305: 'initializing': truncation from 'double' to 'float'
D:\Andra\facultate\an 3 sem 2\Grafica\GL\PROIECT 2D\PROIECT 2D\tema 8.cpp(35,36): warning C4305: 'initializing': truncation from 'double' to 'float'
D:\Andra\facultate\an 3 sem 2\Grafica\GL\PROIECT 2D\PROIECT 2D\tema 8.cpp(36,33): warning C4305: 'initializing': truncation from 'double' to 'float'
D:\Andra\facultate\an 3 sem 2\Grafica\GL\PROIECT 2D\PROIECT 2D\tema 8.cpp(38,23): warning C4305: 'initializing': truncation from 'double' to 'float'
D:\Andra\facultate\an 3 sem 2\Grafica\GL\PROIECT 2D\PROIECT 2D\tema 8.cpp(40,24): warning C4305: 'initializing': truncation from 'double' to 'float'
D:\Andra\facultate\an 3 sem 2\Grafica\GL\PROIECT 2D\PROIECT 2D\tema 8.cpp(125,54): warning C4244: 'argument': conversion from 'double' to 'GLfloat', possible loss of data
D:\Andra\facultate\an 3 sem 2\Grafica\GL\PROIECT 2D\PROIECT 2D\tema 8.cpp(125,39): warning C4244: 'argument': conversion from 'double' to 'GLfloat', possible loss of data
D:\Andra\facultate\an 3 sem 2\Grafica\GL\PROIECT 2D\PROIECT 2D\tema 8.cpp(125,24): warning C4244: 'argument': conversion from 'double' to 'GLfloat', possible loss of data
D:\Andra\facultate\an 3 sem 2\Grafica\GL\PROIECT 2D\PROIECT 2D\tema 8.cpp(131,54): warning C4244: 'argument': conversion from 'double' to 'GLfloat', possible loss of data
D:\Andra\facultate\an 3 sem 2\Grafica\GL\PROIECT 2D\PROIECT 2D\tema 8.cpp(131,39): warning C4244: 'argument': conversion from 'double' to 'GLfloat', possible loss of data
D:\Andra\facultate\an 3 sem 2\Grafica\GL\PROIECT 2D\PROIECT 2D\tema 8.cpp(131,24): warning C4244: 'argument': conversion from 'double' to 'GLfloat', possible loss of data
D:\Andra\facultate\an 3 sem 2\Grafica\GL\PROIECT 2D\PROIECT 2D\tema 8.cpp(141,57): warning C4244: 'argument': conversion from 'double' to 'GLfloat', possible loss of data
D:\Andra\facultate\an 3 sem 2\Grafica\GL\PROIECT 2D\PROIECT 2D\tema 8.cpp(141,41): warning C4244: 'argument': conversion from 'double' to 'GLfloat', possible loss of data
D:\Andra\facultate\an 3 sem 2\Grafica\GL\PROIECT 2D\PROIECT 2D\tema 8.cpp(141,25): warning C4244: 'argument': conversion from 'double' to 'GLfloat', possible loss of data
D:\Andra\facultate\an 3 sem 2\Grafica\GL\PROIECT 2D\PROIECT 2D\tema 8.cpp(145,87): warning C4244: 'argument': conversion from 'double' to 'GLfloat', possible loss of data
D:\Andra\facultate\an 3 sem 2\Grafica\GL\PROIECT 2D\PROIECT 2D\tema 8.cpp(145,61): warning C4244: 'argument': conversion from 'double' to 'GLfloat', possible loss of data
D:\Andra\facultate\an 3 sem 2\Grafica\GL\PROIECT 2D\PROIECT 2D\tema 8.cpp(145,35): warning C4244: 'argument': conversion from 'double' to 'GLfloat', possible loss of data
D:\Andra\facultate\an 3 sem 2\Grafica\GL\PROIECT 2D\PROIECT 2D\tema 8.cpp(151,60): warning C4244: 'argument': conversion from 'double' to 'GLfloat', possible loss of data
D:\Andra\facultate\an 3 sem 2\Grafica\GL\PROIECT 2D\PROIECT 2D\tema 8.cpp(151,43): warning C4244: 'argument': conversion from 'double' to 'GLfloat', possible loss of data
D:\Andra\facultate\an 3 sem 2\Grafica\GL\PROIECT 2D\PROIECT 2D\tema 8.cpp(151,26): warning C4244: 'argument': conversion from 'double' to 'GLfloat', possible loss of data
D:\Andra\facultate\an 3 sem 2\Grafica\GL\PROIECT 2D\PROIECT 2D\tema 8.cpp(152,101): warning C4244: 'argument': conversion from 'int' to 'GLfloat', possible loss of data
D:\Andra\facultate\an 3 sem 2\Grafica\GL\PROIECT 2D\PROIECT 2D\tema 8.cpp(152,44): warning C4244: 'argument': conversion from 'int' to 'GLfloat', possible loss of data
D:\Andra\facultate\an 3 sem 2\Grafica\GL\PROIECT 2D\PROIECT 2D\tema 8.cpp(153,114): warning C4244: 'argument': conversion from 'int' to 'GLfloat', possible loss of data
D:\Andra\facultate\an 3 sem 2\Grafica\GL\PROIECT 2D\PROIECT 2D\tema 8.cpp(153,68): warning C4244: 'argument': conversion from 'int' to 'GLfloat', possible loss of data
D:\Andra\facultate\an 3 sem 2\Grafica\GL\PROIECT 2D\PROIECT 2D\tema 8.cpp(154,110): warning C4244: 'argument': conversion from 'int' to 'GLfloat', possible loss of data
D:\Andra\facultate\an 3 sem 2\Grafica\GL\PROIECT 2D\PROIECT 2D\tema 8.cpp(154,44): warning C4244: 'argument': conversion from 'int' to 'GLfloat', possible loss of data
D:\Andra\facultate\an 3 sem 2\Grafica\GL\PROIECT 2D\PROIECT 2D\tema 8.cpp(155,123): warning C4244: 'argument': conversion from 'int' to 'GLfloat', possible loss of data
D:\Andra\facultate\an 3 sem 2\Grafica\GL\PROIECT 2D\PROIECT 2D\tema 8.cpp(155,68): warning C4244: 'argument': conversion from 'int' to 'GLfloat', possible loss of data
D:\Andra\facultate\an 3 sem 2\Grafica\GL\PROIECT 2D\PROIECT 2D\tema 8.cpp(163,54): warning C4244: 'argument': conversion from 'double' to 'GLfloat', possible loss of data
D:\Andra\facultate\an 3 sem 2\Grafica\GL\PROIECT 2D\PROIECT 2D\tema 8.cpp(163,39): warning C4244: 'argument': conversion from 'double' to 'GLfloat', possible loss of data
D:\Andra\facultate\an 3 sem 2\Grafica\GL\PROIECT 2D\PROIECT 2D\tema 8.cpp(163,24): warning C4244: 'argument': conversion from 'double' to 'GLfloat', possible loss of data
D:\Andra\facultate\an 3 sem 2\Grafica\GL\PROIECT 2D\PROIECT 2D\tema 8.cpp(170,34): warning C4305: '=': truncation from 'double' to 'float'
D:\Andra\facultate\an 3 sem 2\Grafica\GL\PROIECT 2D\PROIECT 2D\tema 8.cpp(173,33): warning C4305: '=': truncation from 'double' to 'float'
D:\Andra\facultate\an 3 sem 2\Grafica\GL\PROIECT 2D\PROIECT 2D\tema 8.cpp(176,31): warning C4305: '=': truncation from 'double' to 'float'
D:\Andra\facultate\an 3 sem 2\Grafica\GL\PROIECT 2D\PROIECT 2D\tema 8.cpp(179,30): warning C4305: '=': truncation from 'double' to 'float'
D:\Andra\facultate\an 3 sem 2\Grafica\GL\PROIECT 2D\PROIECT 2D\tema 8.cpp(182,21): warning C4305: '=': truncation from 'double' to 'float'
D:\Andra\facultate\an 3 sem 2\Grafica\GL\PROIECT 2D\PROIECT 2D\tema 8.cpp(185,20): warning C4305: '=': truncation from 'double' to 'float'
D:\Andra\facultate\an 3 sem 2\Grafica\GL\PROIECT 2D\PROIECT 2D\tema 8.cpp(213,54): warning C4244: 'argument': conversion from 'double' to 'GLfloat', possible loss of data
D:\Andra\facultate\an 3 sem 2\Grafica\GL\PROIECT 2D\PROIECT 2D\tema 8.cpp(213,39): warning C4244: 'argument': conversion from 'double' to 'GLfloat', possible loss of data
D:\Andra\facultate\an 3 sem 2\Grafica\GL\PROIECT 2D\PROIECT 2D\tema 8.cpp(213,24): warning C4244: 'argument': conversion from 'double' to 'GLfloat', possible loss of data
D:\Andra\facultate\an 3 sem 2\Grafica\GL\PROIECT 2D\PROIECT 2D\tema 8.cpp(223,57): warning C4244: 'argument': conversion from 'double' to 'GLfloat', possible loss of data
D:\Andra\facultate\an 3 sem 2\Grafica\GL\PROIECT 2D\PROIECT 2D\tema 8.cpp(223,41): warning C4244: 'argument': conversion from 'double' to 'GLfloat', possible loss of data
D:\Andra\facultate\an 3 sem 2\Grafica\GL\PROIECT 2D\PROIECT 2D\tema 8.cpp(223,25): warning C4244: 'argument': conversion from 'double' to 'GLfloat', possible loss of data
D:\Andra\facultate\an 3 sem 2\Grafica\GL\PROIECT 2D\PROIECT 2D\tema 8.cpp(229,88): warning C4244: 'argument': conversion from 'double' to 'GLfloat', possible loss of data
D:\Andra\facultate\an 3 sem 2\Grafica\GL\PROIECT 2D\PROIECT 2D\tema 8.cpp(229,62): warning C4244: 'argument': conversion from 'double' to 'GLfloat', possible loss of data
D:\Andra\facultate\an 3 sem 2\Grafica\GL\PROIECT 2D\PROIECT 2D\tema 8.cpp(229,36): warning C4244: 'argument': conversion from 'double' to 'GLfloat', possible loss of data
D:\Andra\facultate\an 3 sem 2\Grafica\GL\PROIECT 2D\PROIECT 2D\tema 8.cpp(235,61): warning C4244: 'argument': conversion from 'double' to 'GLfloat', possible loss of data
D:\Andra\facultate\an 3 sem 2\Grafica\GL\PROIECT 2D\PROIECT 2D\tema 8.cpp(235,44): warning C4244: 'argument': conversion from 'double' to 'GLfloat', possible loss of data
D:\Andra\facultate\an 3 sem 2\Grafica\GL\PROIECT 2D\PROIECT 2D\tema 8.cpp(235,27): warning C4244: 'argument': conversion from 'double' to 'GLfloat', possible loss of data
D:\Andra\facultate\an 3 sem 2\Grafica\GL\PROIECT 2D\PROIECT 2D\tema 8.cpp(236,102): warning C4244: 'argument': conversion from 'int' to 'GLfloat', possible loss of data
D:\Andra\facultate\an 3 sem 2\Grafica\GL\PROIECT 2D\PROIECT 2D\tema 8.cpp(236,45): warning C4244: 'argument': conversion from 'int' to 'GLfloat', possible loss of data
D:\Andra\facultate\an 3 sem 2\Grafica\GL\PROIECT 2D\PROIECT 2D\tema 8.cpp(237,115): warning C4244: 'argument': conversion from 'int' to 'GLfloat', possible loss of data
D:\Andra\facultate\an 3 sem 2\Grafica\GL\PROIECT 2D\PROIECT 2D\tema 8.cpp(237,69): warning C4244: 'argument': conversion from 'int' to 'GLfloat', possible loss of data
D:\Andra\facultate\an 3 sem 2\Grafica\GL\PROIECT 2D\PROIECT 2D\tema 8.cpp(238,111): warning C4244: 'argument': conversion from 'int' to 'GLfloat', possible loss of data
D:\Andra\facultate\an 3 sem 2\Grafica\GL\PROIECT 2D\PROIECT 2D\tema 8.cpp(238,45): warning C4244: 'argument': conversion from 'int' to 'GLfloat', possible loss of data
D:\Andra\facultate\an 3 sem 2\Grafica\GL\PROIECT 2D\PROIECT 2D\tema 8.cpp(239,124): warning C4244: 'argument': conversion from 'int' to 'GLfloat', possible loss of data
D:\Andra\facultate\an 3 sem 2\Grafica\GL\PROIECT 2D\PROIECT 2D\tema 8.cpp(239,69): warning C4244: 'argument': conversion from 'int' to 'GLfloat', possible loss of data
D:\Andra\facultate\an 3 sem 2\Grafica\GL\PROIECT 2D\PROIECT 2D\tema 8.cpp(246,54): warning C4244: 'argument': conversion from 'double' to 'GLfloat', possible loss of data
D:\Andra\facultate\an 3 sem 2\Grafica\GL\PROIECT 2D\PROIECT 2D\tema 8.cpp(246,39): warning C4244: 'argument': conversion from 'double' to 'GLfloat', possible loss of data
D:\Andra\facultate\an 3 sem 2\Grafica\GL\PROIECT 2D\PROIECT 2D\tema 8.cpp(246,24): warning C4244: 'argument': conversion from 'double' to 'GLfloat', possible loss of data
D:\Andra\facultate\an 3 sem 2\Grafica\GL\PROIECT 2D\PROIECT 2D\tema 8.cpp(256,25): warning C4305: '=': truncation from 'double' to 'float'
D:\Andra\facultate\an 3 sem 2\Grafica\GL\PROIECT 2D\PROIECT 2D\tema 8.cpp(258,26): warning C4305: '=': truncation from 'double' to 'float'
D:\Andra\facultate\an 3 sem 2\Grafica\GL\PROIECT 2D\PROIECT 2D\tema 8.cpp(267,54): warning C4244: 'argument': conversion from 'double' to 'GLfloat', possible loss of data
D:\Andra\facultate\an 3 sem 2\Grafica\GL\PROIECT 2D\PROIECT 2D\tema 8.cpp(267,39): warning C4244: 'argument': conversion from 'double' to 'GLfloat', possible loss of data
D:\Andra\facultate\an 3 sem 2\Grafica\GL\PROIECT 2D\PROIECT 2D\tema 8.cpp(267,24): warning C4244: 'argument': conversion from 'double' to 'GLfloat', possible loss of data
D:\Andra\facultate\an 3 sem 2\Grafica\GL\PROIECT 2D\PROIECT 2D\tema 8.cpp(272,23): warning C4244: 'argument': conversion from 'double' to 'GLint', possible loss of data
D:\Andra\facultate\an 3 sem 2\Grafica\GL\PROIECT 2D\PROIECT 2D\tema 8.cpp(272,19): warning C4244: 'argument': conversion from 'double' to 'GLint', possible loss of data
D:\Andra\facultate\an 3 sem 2\Grafica\GL\PROIECT 2D\PROIECT 2D\tema 8.cpp(272,15): warning C4244: 'argument': conversion from 'double' to 'GLint', possible loss of data
D:\Andra\facultate\an 3 sem 2\Grafica\GL\PROIECT 2D\PROIECT 2D\tema 8.cpp(272,11): warning C4244: 'argument': conversion from 'double' to 'GLint', possible loss of data
D:\Andra\facultate\an 3 sem 2\Grafica\GL\PROIECT 2D\PROIECT 2D\tema 8.cpp(277,27): warning C4305: '=': truncation from 'double' to 'float'
D:\Andra\facultate\an 3 sem 2\Grafica\GL\PROIECT 2D\PROIECT 2D\tema 8.cpp(279,26): warning C4305: '=': truncation from 'double' to 'float'
D:\Andra\facultate\an 3 sem 2\Grafica\GL\PROIECT 2D\PROIECT 2D\tema 8.cpp(282,60): warning C4244: 'argument': conversion from 'double' to 'GLfloat', possible loss of data
D:\Andra\facultate\an 3 sem 2\Grafica\GL\PROIECT 2D\PROIECT 2D\tema 8.cpp(282,43): warning C4244: 'argument': conversion from 'double' to 'GLfloat', possible loss of data
D:\Andra\facultate\an 3 sem 2\Grafica\GL\PROIECT 2D\PROIECT 2D\tema 8.cpp(282,26): warning C4244: 'argument': conversion from 'double' to 'GLfloat', possible loss of data
D:\Andra\facultate\an 3 sem 2\Grafica\GL\PROIECT 2D\PROIECT 2D\tema 8.cpp(288,36): warning C4244: 'argument': conversion from 'double' to 'GLfloat', possible loss of data
D:\Andra\facultate\an 3 sem 2\Grafica\GL\PROIECT 2D\PROIECT 2D\tema 8.cpp(288,27): warning C4244: 'argument': conversion from 'double' to 'GLfloat', possible loss of data
D:\Andra\facultate\an 3 sem 2\Grafica\GL\PROIECT 2D\PROIECT 2D\tema 8.cpp(288,18): warning C4244: 'argument': conversion from 'double' to 'GLfloat', possible loss of data
D:\Andra\facultate\an 3 sem 2\Grafica\GL\PROIECT 2D\PROIECT 2D\tema 8.cpp(289,21): warning C4018: '<': signed/unsigned mismatch
D:\Andra\facultate\an 3 sem 2\Grafica\GL\PROIECT 2D\PROIECT 2D\tema 8.cpp(290,35): warning C4244: 'argument': conversion from 'double' to 'GLint', possible loss of data
D:\Andra\facultate\an 3 sem 2\Grafica\GL\PROIECT 2D\PROIECT 2D\tema 8.cpp(290,22): warning C4244: 'argument': conversion from 'double' to 'GLint', possible loss of data
D:\Andra\facultate\an 3 sem 2\Grafica\GL\PROIECT 2D\PROIECT 2D\tema 8.cpp(298,21): warning C4305: '=': truncation from 'double' to 'float'
D:\Andra\facultate\an 3 sem 2\Grafica\GL\PROIECT 2D\PROIECT 2D\tema 8.cpp(300,22): warning C4305: '=': truncation from 'double' to 'float'
D:\Andra\facultate\an 3 sem 2\Grafica\GL\PROIECT 2D\PROIECT 2D\tema 8.cpp(302,54): warning C4244: 'argument': conversion from 'double' to 'GLfloat', possible loss of data
D:\Andra\facultate\an 3 sem 2\Grafica\GL\PROIECT 2D\PROIECT 2D\tema 8.cpp(302,39): warning C4244: 'argument': conversion from 'double' to 'GLfloat', possible loss of data
D:\Andra\facultate\an 3 sem 2\Grafica\GL\PROIECT 2D\PROIECT 2D\tema 8.cpp(302,24): warning C4244: 'argument': conversion from 'double' to 'GLfloat', possible loss of data
D:\Andra\facultate\an 3 sem 2\Grafica\GL\PROIECT 2D\PROIECT 2D\tema 8.cpp(309,21): warning C4018: '<': signed/unsigned mismatch
D:\Andra\facultate\an 3 sem 2\Grafica\GL\PROIECT 2D\PROIECT 2D\tema 8.cpp(310,37): warning C4244: 'argument': conversion from 'double' to 'GLint', possible loss of data
D:\Andra\facultate\an 3 sem 2\Grafica\GL\PROIECT 2D\PROIECT 2D\tema 8.cpp(310,22): warning C4244: 'argument': conversion from 'double' to 'GLint', possible loss of data
D:\Andra\facultate\an 3 sem 2\Grafica\GL\PROIECT 2D\PROIECT 2D\tema 8.cpp(341,36): warning C4244: 'argument': conversion from 'double' to 'GLfloat', possible loss of data
D:\Andra\facultate\an 3 sem 2\Grafica\GL\PROIECT 2D\PROIECT 2D\tema 8.cpp(341,27): warning C4244: 'argument': conversion from 'double' to 'GLfloat', possible loss of data
D:\Andra\facultate\an 3 sem 2\Grafica\GL\PROIECT 2D\PROIECT 2D\tema 8.cpp(341,18): warning C4244: 'argument': conversion from 'double' to 'GLfloat', possible loss of data
D:\Andra\facultate\an 3 sem 2\Grafica\GL\PROIECT 2D\PROIECT 2D\tema 8.cpp(370,60): warning C4244: 'argument': conversion from 'double' to 'GLfloat', possible loss of data
D:\Andra\facultate\an 3 sem 2\Grafica\GL\PROIECT 2D\PROIECT 2D\tema 8.cpp(370,43): warning C4244: 'argument': conversion from 'double' to 'GLfloat', possible loss of data
D:\Andra\facultate\an 3 sem 2\Grafica\GL\PROIECT 2D\PROIECT 2D\tema 8.cpp(370,26): warning C4244: 'argument': conversion from 'double' to 'GLfloat', possible loss of data
D:\Andra\facultate\an 3 sem 2\Grafica\GL\PROIECT 2D\PROIECT 2D\tema 8.cpp(378,54): warning C4244: 'argument': conversion from 'double' to 'GLfloat', possible loss of data
D:\Andra\facultate\an 3 sem 2\Grafica\GL\PROIECT 2D\PROIECT 2D\tema 8.cpp(378,39): warning C4244: 'argument': conversion from 'double' to 'GLfloat', possible loss of data
D:\Andra\facultate\an 3 sem 2\Grafica\GL\PROIECT 2D\PROIECT 2D\tema 8.cpp(378,24): warning C4244: 'argument': conversion from 'double' to 'GLfloat', possible loss of data
D:\Andra\facultate\an 3 sem 2\Grafica\GL\PROIECT 2D\PROIECT 2D\tema 8.cpp(380,25): warning C4244: 'argument': conversion from 'double' to 'GLshort', possible loss of data
D:\Andra\facultate\an 3 sem 2\Grafica\GL\PROIECT 2D\PROIECT 2D\tema 8.cpp(380,18): warning C4244: 'argument': conversion from 'double' to 'GLshort', possible loss of data
D:\Andra\facultate\an 3 sem 2\Grafica\GL\PROIECT 2D\PROIECT 2D\tema 8.cpp(381,28): warning C4244: 'argument': conversion from 'double' to 'GLshort', possible loss of data
D:\Andra\facultate\an 3 sem 2\Grafica\GL\PROIECT 2D\PROIECT 2D\tema 8.cpp(381,18): warning C4244: 'argument': conversion from 'double' to 'GLshort', possible loss of data
D:\Andra\facultate\an 3 sem 2\Grafica\GL\PROIECT 2D\PROIECT 2D\tema 8.cpp(382,28): warning C4244: 'argument': conversion from 'double' to 'GLshort', possible loss of data
D:\Andra\facultate\an 3 sem 2\Grafica\GL\PROIECT 2D\PROIECT 2D\tema 8.cpp(382,18): warning C4244: 'argument': conversion from 'double' to 'GLshort', possible loss of data
D:\Andra\facultate\an 3 sem 2\Grafica\GL\PROIECT 2D\PROIECT 2D\tema 8.cpp(383,28): warning C4244: 'argument': conversion from 'double' to 'GLshort', possible loss of data
D:\Andra\facultate\an 3 sem 2\Grafica\GL\PROIECT 2D\PROIECT 2D\tema 8.cpp(383,18): warning C4244: 'argument': conversion from 'double' to 'GLshort', possible loss of data
D:\Andra\facultate\an 3 sem 2\Grafica\GL\PROIECT 2D\PROIECT 2D\tema 8.cpp(384,28): warning C4244: 'argument': conversion from 'double' to 'GLshort', possible loss of data
D:\Andra\facultate\an 3 sem 2\Grafica\GL\PROIECT 2D\PROIECT 2D\tema 8.cpp(384,18): warning C4244: 'argument': conversion from 'double' to 'GLshort', possible loss of data
D:\Andra\facultate\an 3 sem 2\Grafica\GL\PROIECT 2D\PROIECT 2D\tema 8.cpp(385,28): warning C4244: 'argument': conversion from 'double' to 'GLshort', possible loss of data
D:\Andra\facultate\an 3 sem 2\Grafica\GL\PROIECT 2D\PROIECT 2D\tema 8.cpp(385,18): warning C4244: 'argument': conversion from 'double' to 'GLshort', possible loss of data
D:\Andra\facultate\an 3 sem 2\Grafica\GL\PROIECT 2D\PROIECT 2D\tema 8.cpp(386,28): warning C4244: 'argument': conversion from 'double' to 'GLshort', possible loss of data
D:\Andra\facultate\an 3 sem 2\Grafica\GL\PROIECT 2D\PROIECT 2D\tema 8.cpp(386,18): warning C4244: 'argument': conversion from 'double' to 'GLshort', possible loss of data
D:\Andra\facultate\an 3 sem 2\Grafica\GL\PROIECT 2D\PROIECT 2D\tema 8.cpp(387,28): warning C4244: 'argument': conversion from 'double' to 'GLshort', possible loss of data
D:\Andra\facultate\an 3 sem 2\Grafica\GL\PROIECT 2D\PROIECT 2D\tema 8.cpp(387,18): warning C4244: 'argument': conversion from 'double' to 'GLshort', possible loss of data
D:\Andra\facultate\an 3 sem 2\Grafica\GL\PROIECT 2D\PROIECT 2D\tema 8.cpp(388,28): warning C4244: 'argument': conversion from 'double' to 'GLshort', possible loss of data
D:\Andra\facultate\an 3 sem 2\Grafica\GL\PROIECT 2D\PROIECT 2D\tema 8.cpp(388,18): warning C4244: 'argument': conversion from 'double' to 'GLshort', possible loss of data
D:\Andra\facultate\an 3 sem 2\Grafica\GL\PROIECT 2D\PROIECT 2D\tema 8.cpp(389,27): warning C4244: 'argument': conversion from 'double' to 'GLshort', possible loss of data
D:\Andra\facultate\an 3 sem 2\Grafica\GL\PROIECT 2D\PROIECT 2D\tema 8.cpp(389,18): warning C4244: 'argument': conversion from 'double' to 'GLshort', possible loss of data
D:\Andra\facultate\an 3 sem 2\Grafica\GL\PROIECT 2D\PROIECT 2D\tema 8.cpp(390,27): warning C4244: 'argument': conversion from 'double' to 'GLshort', possible loss of data
D:\Andra\facultate\an 3 sem 2\Grafica\GL\PROIECT 2D\PROIECT 2D\tema 8.cpp(390,18): warning C4244: 'argument': conversion from 'double' to 'GLshort', possible loss of data
D:\Andra\facultate\an 3 sem 2\Grafica\GL\PROIECT 2D\PROIECT 2D\tema 8.cpp(391,28): warning C4244: 'argument': conversion from 'double' to 'GLshort', possible loss of data
D:\Andra\facultate\an 3 sem 2\Grafica\GL\PROIECT 2D\PROIECT 2D\tema 8.cpp(391,18): warning C4244: 'argument': conversion from 'double' to 'GLshort', possible loss of data
D:\Andra\facultate\an 3 sem 2\Grafica\GL\PROIECT 2D\PROIECT 2D\tema 8.cpp(414,56): warning C4244: 'argument': conversion from 'double' to 'GLclampf', possible loss of data
D:\Andra\facultate\an 3 sem 2\Grafica\GL\PROIECT 2D\PROIECT 2D\tema 8.cpp(414,41): warning C4244: 'argument': conversion from 'double' to 'GLclampf', possible loss of data
D:\Andra\facultate\an 3 sem 2\Grafica\GL\PROIECT 2D\PROIECT 2D\tema 8.cpp(414,26): warning C4244: 'argument': conversion from 'double' to 'GLclampf', possible loss of data
D:\Andra\facultate\an 3 sem 2\Grafica\GL\PROIECT 2D\PROIECT 2D\tema 8.cpp(446,53): warning C4244: 'argument': conversion from 'double' to 'GLfloat', possible loss of data
D:\Andra\facultate\an 3 sem 2\Grafica\GL\PROIECT 2D\PROIECT 2D\tema 8.cpp(446,38): warning C4244: 'argument': conversion from 'double' to 'GLfloat', possible loss of data
D:\Andra\facultate\an 3 sem 2\Grafica\GL\PROIECT 2D\PROIECT 2D\tema 8.cpp(446,23): warning C4244: 'argument': conversion from 'double' to 'GLfloat', possible loss of data
  PROIECT 2D.vcxproj -> D:\Andra\facultate\an 3 sem 2\Grafica\GL\PROIECT 2D\Debug\PROIECT 2D.exe
